Sat, 18 Jan 2020 10:27:45 GMT - Info - Server is running on port: 3030
Sat, 18 Jan 2020 10:27:53 GMT - Info - Server is running on port: 3030
Sat, 18 Jan 2020 10:32:22 GMT - Info - Server is running on port: 3030
Sat, 18 Jan 2020 10:34:06 GMT - Info - Server is running on port: 3030
Sat, 18 Jan 2020 10:36:30 GMT - Info - Server is running on port: 3030
Sat, 18 Jan 2020 10:36:48 GMT - Info - Server is running on port: 3030
Sat, 18 Jan 2020 10:42:20 GMT - Info - Server is running on port: 3030
Sat, 18 Jan 2020 11:02:35 GMT - Info - Server is running on port: 3030
Sat, 18 Jan 2020 11:15:39 GMT - Info - Server is running on port: 3030
Sat, 18 Jan 2020 13:02:17 GMT - Info - Server is running on port: 3030
Sat, 18 Jan 2020 13:04:20 GMT - Info - Server is running on port: 3030
Sat, 18 Jan 2020 13:04:32 GMT - Info - Server is running on port: 3030
Sat, 18 Jan 2020 13:04:57 GMT - Info - Server is running on port: 3030
Sat, 18 Jan 2020 13:05:18 GMT - Info - Server is running on port: 3030
Sat, 18 Jan 2020 13:05:46 GMT - Info - Server is running on port: 3030
Sat, 18 Jan 2020 13:06:37 GMT - Info - Server is running on port: 3030
Sat, 18 Jan 2020 13:58:55 GMT - Info - Server is running on port: 3030
Sat, 18 Jan 2020 14:01:27 GMT - Info - Server is running on port: 3030
Sat, 18 Jan 2020 14:02:33 GMT - Info - Server is running on port: 3030
Sat, 18 Jan 2020 14:02:54 GMT - Info - Server is running on port: 3030
Sat, 18 Jan 2020 14:06:03 GMT - Info - Server is running on port: 3030
Sat, 18 Jan 2020 14:06:30 GMT - Info - Server is running on port: 3030
Sat, 18 Jan 2020 14:32:24 GMT - Info - Server is running on port: 3030
Sat, 18 Jan 2020 14:32:33 GMT - Info - Server is running on port: 3030
Sat, 18 Jan 2020 14:37:33 GMT - Info - Server is running on port: 3030
Sat, 18 Jan 2020 14:37:56 GMT - Info - Server is running on port: 3030
Sat, 18 Jan 2020 14:38:37 GMT - Info - Server is running on port: 3030
Sat, 18 Jan 2020 14:40:14 GMT - Info - Server is running on port: 3030
Sat, 18 Jan 2020 15:16:25 GMT - Info - Server is running on port: 3030
Sat, 18 Jan 2020 15:16:34 GMT - Info - Server is running on port: 3030
Sat, 18 Jan 2020 15:20:13 GMT - Info - Server is running on port: 3030
Sat, 18 Jan 2020 15:23:15 GMT - Info - Server is running on port: 3030
Sat, 18 Jan 2020 15:50:56 GMT - Info - Server is running on port: 3030
Sat, 18 Jan 2020 15:58:49 GMT - Info - Server is running on port: 3030
Sat, 18 Jan 2020 15:59:33 GMT - Info - Server is running on port: 3030
Sat, 18 Jan 2020 15:59:35 GMT - Info - Server is running on port: 3030
Sat, 18 Jan 2020 17:15:55 GMT - Info - Server is running on port: 3030
Sat, 18 Jan 2020 17:16:07 GMT - Debug - auth.service - login with email: roy@gmail.com
Sat, 18 Jan 2020 17:17:08 GMT - Debug - auth.service - login with email: asfasf
Sat, 18 Jan 2020 17:18:42 GMT - Info - Server is running on port: 3030
Sat, 18 Jan 2020 17:18:44 GMT - Info - Server is running on port: 3030
Sat, 18 Jan 2020 17:19:08 GMT - Debug - auth.service - login with email: roy@gmail.com
Sat, 18 Jan 2020 17:23:27 GMT - Info - Server is running on port: 3030
Sat, 18 Jan 2020 17:23:45 GMT - Debug - auth.service - login with email: roy@gmail.com
Sat, 18 Jan 2020 17:25:26 GMT - Debug - auth.service - login with email: qwfqwffqw
Sat, 18 Jan 2020 17:26:43 GMT - Debug - auth.service - login with email: roy@gmail.com
Sat, 18 Jan 2020 17:29:30 GMT - Debug - auth.service - login with email: roy@gmail.com
Sat, 18 Jan 2020 17:30:24 GMT - Debug - auth.service - login with email: asfasf
Sat, 18 Jan 2020 17:30:37 GMT - Debug - auth.service - login with email: roy@gmail.com
Sat, 18 Jan 2020 18:53:55 GMT - Info - Server is running on port: 3030
Sat, 18 Jan 2020 18:55:12 GMT - Info - Server is running on port: 3030
Sat, 18 Jan 2020 18:55:48 GMT - Info - Server is running on port: 3030
Sat, 18 Jan 2020 18:56:12 GMT - Info - Server is running on port: 3030
Sat, 18 Jan 2020 19:48:11 GMT - Info - Server is running on port: 3030
Sat, 18 Jan 2020 19:48:37 GMT - Info - Server is running on port: 3030
Sat, 18 Jan 2020 19:48:49 GMT - Info - Server is running on port: 3030
Sat, 18 Jan 2020 19:49:24 GMT - Debug - auth.service - login with email: roy@gmail.com
Sat, 18 Jan 2020 19:50:39 GMT - Info - Server is running on port: 3030
Sat, 18 Jan 2020 19:50:44 GMT - Info - Server is running on port: 3030
Sat, 18 Jan 2020 19:52:01 GMT - Info - Server is running on port: 3030
Sat, 18 Jan 2020 19:52:04 GMT - Info - Server is running on port: 3030
Sat, 18 Jan 2020 19:52:24 GMT - Info - Server is running on port: 3030
Sat, 18 Jan 2020 19:52:28 GMT - Debug - auth.service - login with email: roy@gmail.com
Sat, 18 Jan 2020 19:54:55 GMT - Info - Server is running on port: 3030
Sat, 18 Jan 2020 19:55:13 GMT - Debug - auth.service - login with email: roy@gmail.com
Sat, 18 Jan 2020 20:05:50 GMT - Debug - auth.service - login with email: roy@gmail.com
Sun, 19 Jan 2020 05:22:41 GMT - Info - Server is running on port: 3030
Sun, 19 Jan 2020 05:25:42 GMT - Debug - auth.service - login with email: roy@gmail.com
Sun, 19 Jan 2020 07:47:06 GMT - Debug - auth.service - login with email: roy@gmail.com
Sun, 19 Jan 2020 07:47:56 GMT - Debug - auth.service - login with email: roy@gmail.com
Sun, 19 Jan 2020 07:49:41 GMT - Debug - auth.service - login with email: roy@gmail.com
Sun, 19 Jan 2020 07:50:18 GMT - Debug - auth.service - login with email: roy@gmail.com
Sun, 19 Jan 2020 07:51:26 GMT - Debug - auth.service - login with email: roy@gmail.com
Sun, 19 Jan 2020 07:53:25 GMT - Debug - auth.service - login with email: roy@gmail.com
Sun, 19 Jan 2020 07:55:15 GMT - Debug - auth.service - login with email: roy@gmail.com
Sun, 19 Jan 2020 07:57:00 GMT - Debug - auth.service - login with email: roy@gmail.com
Sun, 19 Jan 2020 07:58:33 GMT - Debug - auth.service - login with email: roy@gmail.com
Sun, 19 Jan 2020 07:59:59 GMT - Debug - auth.service - login with email: roy@gmail.com
Sun, 19 Jan 2020 08:00:55 GMT - Debug - auth.service - login with email: roy@gmail.com
Sun, 19 Jan 2020 08:01:57 GMT - Debug - auth.service - login with email: roy@gmail.com
Sun, 19 Jan 2020 08:02:48 GMT - Debug - auth.service - login with email: roy@gmail.com
Sun, 19 Jan 2020 08:03:22 GMT - Debug - auth.service - login with email: roy@gmail.com
Sun, 19 Jan 2020 08:04:04 GMT - Debug - auth.service - login with email: roy@gmail.com
Sun, 19 Jan 2020 08:04:38 GMT - Debug - auth.service - login with email: roy@gmail.com
Sun, 19 Jan 2020 08:08:30 GMT - Debug - auth.service - login with email: roy@gmail.com
Sun, 19 Jan 2020 08:09:05 GMT - Debug - auth.service - login with email: roy@gmail.com
Sun, 19 Jan 2020 08:10:14 GMT - Debug - auth.service - login with email: roy@gmail.com
Sun, 19 Jan 2020 08:12:32 GMT - Debug - auth.service - login with email: roy@gmail.com
Sun, 19 Jan 2020 08:13:52 GMT - Debug - auth.service - login with email: roy@gmail.com
Sun, 19 Jan 2020 08:14:50 GMT - Info - Server is running on port: 3030
Sun, 19 Jan 2020 08:15:24 GMT - Info - Server is running on port: 3030
Sun, 19 Jan 2020 08:15:29 GMT - Info - Server is running on port: 3030
Sun, 19 Jan 2020 08:15:51 GMT - Debug - auth.service - login with email: roy@gmail.com
Sun, 19 Jan 2020 08:17:45 GMT - Info - Server is running on port: 3030
Sun, 19 Jan 2020 08:19:34 GMT - Debug - auth.service - login with email: roy@gmail.com
Sun, 19 Jan 2020 08:19:47 GMT - Debug - auth.service - login with email: roy@gmail.com
Sun, 19 Jan 2020 08:21:47 GMT - Debug - auth.service - login with email: roy@gmail.com
Sun, 19 Jan 2020 08:27:01 GMT - Debug - auth.service - login with email: roy@gmail.com
Sun, 19 Jan 2020 08:27:46 GMT - Debug - auth.service - login with email: roy@gmail.com
Sun, 19 Jan 2020 08:29:15 GMT - Debug - auth.service - login with email: roy@gmail.com
Sun, 19 Jan 2020 08:29:39 GMT - Debug - auth.service - login with email: roy@gmail.com
Sun, 19 Jan 2020 08:30:07 GMT - Debug - auth.service - login with email: roy@gmail.com
Sun, 19 Jan 2020 08:31:14 GMT - Debug - auth.service - login with email: roy@gmail.com
Sun, 19 Jan 2020 08:37:06 GMT - Debug - auth.service - login with email: roy@gmail.com
Sun, 19 Jan 2020 08:40:02 GMT - Debug - auth.service - login with email: roy@gmail.com
Sun, 19 Jan 2020 08:47:29 GMT - Debug - auth.service - login with email: roy@gmail.com
Sun, 19 Jan 2020 08:54:39 GMT - Debug - auth.service - login with email: roy@gmail.com
Sun, 19 Jan 2020 08:55:37 GMT - Debug - auth.service - login with email: roy@gmail.com
Sun, 19 Jan 2020 08:58:24 GMT - Debug - auth.service - login with email: roy@gmail.com
Sun, 19 Jan 2020 09:06:32 GMT - Debug - auth.service - login with email: roy@gmail.com
Sun, 19 Jan 2020 09:11:27 GMT - Debug - auth.service - login with email: roy@gmail.com
Sun, 19 Jan 2020 09:24:11 GMT - Debug - auth.service - login with email: roy@gmail.com
Sun, 19 Jan 2020 09:28:42 GMT - Debug - auth.service - login with email: roy@gmail.com
Sun, 19 Jan 2020 09:42:16 GMT - Debug - auth.service - login with email: roy@gmail.com
Sun, 19 Jan 2020 09:47:01 GMT - Debug - auth.service - login with email: roy@gmail.com
Sun, 19 Jan 2020 10:12:38 GMT - Debug - auth.service - login with email: roy@gmail.com
Sun, 19 Jan 2020 10:21:39 GMT - Debug - auth.service - login with email: roy@gmail.com
Sun, 19 Jan 2020 10:24:47 GMT - Debug - auth.service - login with email: roy@gmail.com
Sun, 19 Jan 2020 10:34:36 GMT - Debug - auth.service - login with email: roy@gmail.com
Sun, 19 Jan 2020 10:39:57 GMT - Debug - auth.service - login with email: roy@gmail.com
Sun, 19 Jan 2020 11:28:26 GMT - Debug - auth.service - login with email: roy@gmail.com
Sun, 19 Jan 2020 11:29:30 GMT - Info - Server is running on port: 3030

Sun, 19 Jan 2020 14:49:49 GMT - Info - Server is running on port: 3030
Mon, 20 Jan 2020 09:30:49 GMT - Info - Server is running on port: 3030
Mon, 20 Jan 2020 09:51:47 GMT - Info - Server is running on port: 3030
Mon, 20 Jan 2020 10:04:56 GMT - Info - Server is running on port: 3030
Mon, 20 Jan 2020 10:07:25 GMT - Info - Server is running on port: 3030
Mon, 20 Jan 2020 10:10:48 GMT - Info - Server is running on port: 3030
Mon, 20 Jan 2020 10:33:35 GMT - Info - Server is running on port: 3030
Mon, 20 Jan 2020 10:34:16 GMT - Info - Server is running on port: 3030
Mon, 20 Jan 2020 10:34:43 GMT - Info - Server is running on port: 3030
Mon, 20 Jan 2020 10:36:24 GMT - Info - Server is running on port: 3030
Mon, 20 Jan 2020 10:37:19 GMT - Info - Server is running on port: 3030
Mon, 20 Jan 2020 10:38:01 GMT - Info - Server is running on port: 3030
Mon, 20 Jan 2020 10:39:13 GMT - Info - Server is running on port: 3030
Mon, 20 Jan 2020 10:40:27 GMT - Info - Server is running on port: 3030
Mon, 20 Jan 2020 10:41:27 GMT - Info - Server is running on port: 3030
Mon, 20 Jan 2020 10:42:26 GMT - Info - Server is running on port: 3030
Mon, 20 Jan 2020 10:42:49 GMT - Info - Server is running on port: 3030
Mon, 20 Jan 2020 10:43:53 GMT - Info - Server is running on port: 3030
Mon, 20 Jan 2020 10:44:32 GMT - Info - Server is running on port: 3030
Mon, 20 Jan 2020 10:45:36 GMT - Info - Server is running on port: 3030
Mon, 20 Jan 2020 10:48:44 GMT - Info - Server is running on port: 3030
Mon, 20 Jan 2020 10:55:02 GMT - Info - Server is running on port: 3030
Mon, 20 Jan 2020 10:58:00 GMT - Info - Server is running on port: 3030
Mon, 20 Jan 2020 10:58:46 GMT - Info - Server is running on port: 3030
Mon, 20 Jan 2020 11:00:44 GMT - Info - Server is running on port: 3030
Mon, 20 Jan 2020 11:03:56 GMT - Info - Server is running on port: 3030
Mon, 20 Jan 2020 11:04:42 GMT - Info - Server is running on port: 3030
Mon, 20 Jan 2020 11:05:50 GMT - Info - Server is running on port: 3030
Mon, 20 Jan 2020 11:06:05 GMT - Info - Server is running on port: 3030
Mon, 20 Jan 2020 11:07:13 GMT - Info - Server is running on port: 3030
Mon, 20 Jan 2020 11:09:21 GMT - Info - Server is running on port: 3030
Mon, 20 Jan 2020 11:14:00 GMT - Info - Server is running on port: 3030
Mon, 20 Jan 2020 11:14:22 GMT - Info - Server is running on port: 3030
Mon, 20 Jan 2020 11:15:25 GMT - Info - Server is running on port: 3030
Mon, 20 Jan 2020 11:20:55 GMT - Info - Server is running on port: 3030
Mon, 20 Jan 2020 11:25:29 GMT - Info - Server is running on port: 3030
Mon, 20 Jan 2020 11:26:18 GMT - Info - Server is running on port: 3030
Mon, 20 Jan 2020 11:30:16 GMT - Info - Server is running on port: 3030
Mon, 20 Jan 2020 11:53:37 GMT - Info - Server is running on port: 3030
Mon, 20 Jan 2020 12:05:39 GMT - Info - Server is running on port: 3030
Mon, 20 Jan 2020 12:06:11 GMT - Info - Server is running on port: 3030
Mon, 20 Jan 2020 12:14:27 GMT - Info - Server is running on port: 3030
Mon, 20 Jan 2020 12:14:53 GMT - Info - Server is running on port: 3030
Mon, 20 Jan 2020 12:15:25 GMT - Info - Server is running on port: 3030
Mon, 20 Jan 2020 12:15:31 GMT - Info - Server is running on port: 3030
Mon, 20 Jan 2020 13:29:32 GMT - Info - Server is running on port: 3030
Mon, 20 Jan 2020 13:29:35 GMT - Info - Server is running on port: 3030
Mon, 20 Jan 2020 13:30:05 GMT - Info - Server is running on port: 3030
Mon, 20 Jan 2020 13:30:24 GMT - Info - Server is running on port: 3030
Mon, 20 Jan 2020 14:00:38 GMT - Info - Server is running on port: 3030
Mon, 20 Jan 2020 14:28:36 GMT - Info - Server is running on port: 3030
Mon, 20 Jan 2020 14:29:42 GMT - Info - Server is running on port: 3030
Mon, 20 Jan 2020 14:33:52 GMT - Info - Server is running on port: 3030
Mon, 20 Jan 2020 14:34:23 GMT - Info - Server is running on port: 3030
Mon, 20 Jan 2020 14:36:54 GMT - Info - Server is running on port: 3030
Mon, 20 Jan 2020 14:37:33 GMT - Info - Server is running on port: 3030
Mon, 20 Jan 2020 14:39:37 GMT - Info - Server is running on port: 3030
Mon, 20 Jan 2020 14:49:21 GMT - Info - Server is running on port: 3030
Mon, 20 Jan 2020 14:50:56 GMT - Info - Server is running on port: 3030
Mon, 20 Jan 2020 14:51:24 GMT - Info - Server is running on port: 3030
Mon, 20 Jan 2020 15:45:44 GMT - Info - Server is running on port: 3030
Mon, 20 Jan 2020 15:46:04 GMT - Info - Server is running on port: 3030
Mon, 20 Jan 2020 15:46:26 GMT - Info - Server is running on port: 3030
Mon, 20 Jan 2020 15:47:40 GMT - Info - Server is running on port: 3030
Mon, 20 Jan 2020 15:47:50 GMT - Info - Server is running on port: 3030
Mon, 20 Jan 2020 15:48:19 GMT - Info - Server is running on port: 3030
Mon, 20 Jan 2020 15:50:28 GMT - Info - Server is running on port: 3030
Mon, 20 Jan 2020 15:51:05 GMT - Info - Server is running on port: 3030
Mon, 20 Jan 2020 15:51:51 GMT - Info - Server is running on port: 3030
Mon, 20 Jan 2020 15:56:17 GMT - Info - Server is running on port: 3030
Mon, 20 Jan 2020 15:56:35 GMT - Info - Server is running on port: 3030
Mon, 20 Jan 2020 15:56:54 GMT - Info - Server is running on port: 3030
Mon, 20 Jan 2020 15:57:50 GMT - Info - Server is running on port: 3030
Mon, 20 Jan 2020 16:00:12 GMT - Info - Server is running on port: 3030
Mon, 20 Jan 2020 16:03:32 GMT - Info - Server is running on port: 3030
Mon, 20 Jan 2020 16:30:36 GMT - Info - Server is running on port: 3030
Mon, 20 Jan 2020 16:31:07 GMT - Info - Server is running on port: 3030
Mon, 20 Jan 2020 16:39:16 GMT - Info - Server is running on port: 3030
Mon, 20 Jan 2020 16:40:15 GMT - Info - Server is running on port: 3030
Mon, 20 Jan 2020 16:41:19 GMT - Info - Server is running on port: 3030
Mon, 20 Jan 2020 16:46:17 GMT - Info - Server is running on port: 3030
Mon, 20 Jan 2020 16:46:40 GMT - Info - Server is running on port: 3030
Mon, 20 Jan 2020 16:48:40 GMT - Info - Server is running on port: 3030
Mon, 20 Jan 2020 16:49:02 GMT - Info - Server is running on port: 3030
Mon, 20 Jan 2020 16:49:18 GMT - Info - Server is running on port: 3030
Mon, 20 Jan 2020 16:55:31 GMT - Info - Server is running on port: 3030
Tue, 21 Jan 2020 06:23:53 GMT - Info - Server is running on port: 3030
Tue, 21 Jan 2020 06:25:58 GMT - Info - Server is running on port: 3030
Tue, 21 Jan 2020 06:29:46 GMT - Info - Server is running on port: 3030
Tue, 21 Jan 2020 06:30:06 GMT - Info - Server is running on port: 3030
Tue, 21 Jan 2020 06:34:46 GMT - Info - Server is running on port: 3030
Tue, 21 Jan 2020 06:36:22 GMT - Info - Server is running on port: 3030
Tue, 21 Jan 2020 06:37:50 GMT - Info - Server is running on port: 3030
Tue, 21 Jan 2020 06:38:52 GMT - Info - Server is running on port: 3030
Tue, 21 Jan 2020 06:39:10 GMT - Info - Server is running on port: 3030
Tue, 21 Jan 2020 06:40:43 GMT - Info - Server is running on port: 3030
Tue, 21 Jan 2020 06:41:35 GMT - Info - Server is running on port: 3030
Tue, 21 Jan 2020 06:44:14 GMT - Info - Server is running on port: 3030
Tue, 21 Jan 2020 06:45:33 GMT - Info - Server is running on port: 3030
Tue, 21 Jan 2020 06:46:24 GMT - Info - Server is running on port: 3030
Tue, 21 Jan 2020 06:48:13 GMT - Info - Server is running on port: 3030
Tue, 21 Jan 2020 06:50:44 GMT - Info - Server is running on port: 3030
Tue, 21 Jan 2020 06:52:21 GMT - Info - Server is running on port: 3030
Tue, 21 Jan 2020 06:52:32 GMT - Info - Server is running on port: 3030
Tue, 21 Jan 2020 06:53:28 GMT - Info - Server is running on port: 3030
Tue, 21 Jan 2020 06:53:33 GMT - Info - Server is running on port: 3030
Tue, 21 Jan 2020 06:54:34 GMT - Info - Server is running on port: 3030
Tue, 21 Jan 2020 06:54:48 GMT - Info - Server is running on port: 3030
Tue, 21 Jan 2020 06:55:38 GMT - Info - Server is running on port: 3030
Tue, 21 Jan 2020 06:57:16 GMT - Info - Server is running on port: 3030
Tue, 21 Jan 2020 06:58:32 GMT - Info - Server is running on port: 3030
Tue, 21 Jan 2020 07:05:17 GMT - Info - Server is running on port: 3030
Tue, 21 Jan 2020 07:07:44 GMT - Info - Server is running on port: 3030
Tue, 21 Jan 2020 07:07:57 GMT - Info - Server is running on port: 3030
Tue, 21 Jan 2020 07:08:39 GMT - Info - Server is running on port: 3030
Tue, 21 Jan 2020 07:11:51 GMT - Info - Server is running on port: 3030
Tue, 21 Jan 2020 07:13:03 GMT - Info - Server is running on port: 3030
Tue, 21 Jan 2020 07:15:23 GMT - Info - Server is running on port: 3030
Tue, 21 Jan 2020 07:15:58 GMT - Info - Server is running on port: 3030
Tue, 21 Jan 2020 07:17:26 GMT - Info - Server is running on port: 3030
Tue, 21 Jan 2020 07:17:55 GMT - Info - Server is running on port: 3030
Tue, 21 Jan 2020 07:19:20 GMT - Info - Server is running on port: 3030
Tue, 21 Jan 2020 07:19:38 GMT - Info - Server is running on port: 3030
Tue, 21 Jan 2020 07:20:02 GMT - Info - Server is running on port: 3030
Tue, 21 Jan 2020 07:22:07 GMT - Info - Server is running on port: 3030
Tue, 21 Jan 2020 07:23:06 GMT - Info - Server is running on port: 3030
Tue, 21 Jan 2020 07:23:43 GMT - Info - Server is running on port: 3030
Tue, 21 Jan 2020 07:23:51 GMT - Info - Server is running on port: 3030
Tue, 21 Jan 2020 07:25:05 GMT - Info - Server is running on port: 3030
Tue, 21 Jan 2020 07:25:22 GMT - Info - Server is running on port: 3030
Tue, 21 Jan 2020 07:27:20 GMT - Info - Server is running on port: 3030
Tue, 21 Jan 2020 07:28:27 GMT - Info - Server is running on port: 3030
Tue, 21 Jan 2020 07:29:15 GMT - Info - Server is running on port: 3030
Tue, 21 Jan 2020 07:30:14 GMT - Info - Server is running on port: 3030
Tue, 21 Jan 2020 07:32:46 GMT - Info - Server is running on port: 3030
Tue, 21 Jan 2020 07:34:26 GMT - Info - Server is running on port: 3030
Tue, 21 Jan 2020 07:34:45 GMT - Info - Server is running on port: 3030
Tue, 21 Jan 2020 07:34:56 GMT - Info - Server is running on port: 3030
Tue, 21 Jan 2020 07:36:45 GMT - Info - Server is running on port: 3030
Tue, 21 Jan 2020 08:14:41 GMT - Info - Server is running on port: 3030
Tue, 21 Jan 2020 08:16:56 GMT - Info - Server is running on port: 3030
Tue, 21 Jan 2020 08:36:42 GMT - Info - Server is running on port: 3030
Tue, 21 Jan 2020 08:37:18 GMT - Info - Server is running on port: 3030
Tue, 21 Jan 2020 08:40:32 GMT - Info - Server is running on port: 3030
Tue, 21 Jan 2020 08:41:54 GMT - Info - Server is running on port: 3030
Tue, 21 Jan 2020 08:42:51 GMT - Info - Server is running on port: 3030
Tue, 21 Jan 2020 08:43:39 GMT - Info - Server is running on port: 3030
Tue, 21 Jan 2020 08:44:23 GMT - Info - Server is running on port: 3030
Tue, 21 Jan 2020 08:47:35 GMT - Info - Server is running on port: 3030
Tue, 21 Jan 2020 08:48:48 GMT - Info - Server is running on port: 3030
Tue, 21 Jan 2020 08:48:59 GMT - Info - Server is running on port: 3030
Tue, 21 Jan 2020 08:50:42 GMT - Info - Server is running on port: 3030
Tue, 21 Jan 2020 08:52:01 GMT - Info - Server is running on port: 3030
Tue, 21 Jan 2020 08:52:05 GMT - Info - Server is running on port: 3030
Tue, 21 Jan 2020 09:07:47 GMT - Info - Server is running on port: 3030
Tue, 21 Jan 2020 09:09:31 GMT - Info - Server is running on port: 3030
Tue, 21 Jan 2020 09:14:20 GMT - Info - Server is running on port: 3030
Tue, 21 Jan 2020 09:36:45 GMT - Info - Server is running on port: 3030
Tue, 21 Jan 2020 09:38:51 GMT - Info - Server is running on port: 3030
Tue, 21 Jan 2020 09:39:40 GMT - Info - Server is running on port: 3030
Tue, 21 Jan 2020 09:39:55 GMT - Info - Server is running on port: 3030
Tue, 21 Jan 2020 09:42:00 GMT - Info - Server is running on port: 3030
Tue, 21 Jan 2020 09:43:11 GMT - Info - Server is running on port: 3030
Tue, 21 Jan 2020 09:43:57 GMT - Info - Server is running on port: 3030
Tue, 21 Jan 2020 10:13:03 GMT - Info - Server is running on port: 3030
Tue, 21 Jan 2020 10:13:06 GMT - Info - Server is running on port: 3030
Tue, 21 Jan 2020 10:25:31 GMT - Info - Server is running on port: 3030
Tue, 21 Jan 2020 10:26:26 GMT - Info - Server is running on port: 3030
Tue, 21 Jan 2020 10:26:56 GMT - Info - Server is running on port: 3030
Tue, 21 Jan 2020 10:27:27 GMT - Info - Server is running on port: 3030
Tue, 21 Jan 2020 10:36:35 GMT - Info - Server is running on port: 3030
Tue, 21 Jan 2020 10:36:39 GMT - Info - Server is running on port: 3030
Tue, 21 Jan 2020 10:37:05 GMT - Info - Server is running on port: 3030
Tue, 21 Jan 2020 11:07:41 GMT - Info - Server is running on port: 3030
Tue, 21 Jan 2020 11:08:23 GMT - Info - Server is running on port: 3030
Tue, 21 Jan 2020 11:10:02 GMT - Info - Server is running on port: 3030
Tue, 21 Jan 2020 11:10:33 GMT - Info - Server is running on port: 3030
Tue, 21 Jan 2020 11:11:23 GMT - Info - Server is running on port: 3030
Tue, 21 Jan 2020 11:12:10 GMT - Info - Server is running on port: 3030
Tue, 21 Jan 2020 11:15:14 GMT - Info - Server is running on port: 3030
Tue, 21 Jan 2020 11:17:56 GMT - Info - Server is running on port: 3030
Tue, 21 Jan 2020 11:17:58 GMT - Info - Server is running on port: 3030
Tue, 21 Jan 2020 11:18:21 GMT - Info - Server is running on port: 3030
Tue, 21 Jan 2020 11:20:57 GMT - Info - Server is running on port: 3030
Tue, 21 Jan 2020 11:27:04 GMT - Info - Server is running on port: 3030
Tue, 21 Jan 2020 11:28:25 GMT - Info - Server is running on port: 3030
Tue, 21 Jan 2020 11:31:40 GMT - Info - Server is running on port: 3030
Tue, 21 Jan 2020 11:38:05 GMT - Info - Server is running on port: 3030
Tue, 21 Jan 2020 11:40:17 GMT - Info - Server is running on port: 3030
Tue, 21 Jan 2020 11:44:07 GMT - Info - Server is running on port: 3030
Tue, 21 Jan 2020 11:47:08 GMT - Info - Server is running on port: 3030
Tue, 21 Jan 2020 12:23:33 GMT - Info - Server is running on port: 3030
Tue, 21 Jan 2020 12:42:18 GMT - Info - Server is running on port: 3030
Tue, 21 Jan 2020 12:43:18 GMT - Info - Server is running on port: 3030
Tue, 21 Jan 2020 13:08:11 GMT - Info - Server is running on port: 3030
Tue, 21 Jan 2020 13:10:27 GMT - Info - Server is running on port: 3030
Tue, 21 Jan 2020 13:15:18 GMT - Info - Server is running on port: 3030
Tue, 21 Jan 2020 13:15:59 GMT - Info - Server is running on port: 3030
Tue, 21 Jan 2020 13:16:15 GMT - Info - Server is running on port: 3030
Tue, 21 Jan 2020 13:16:50 GMT - Info - Server is running on port: 3030
Tue, 21 Jan 2020 13:17:24 GMT - Info - Server is running on port: 3030
Tue, 21 Jan 2020 13:17:42 GMT - Info - Server is running on port: 3030
Tue, 21 Jan 2020 13:18:11 GMT - Info - Server is running on port: 3030
Tue, 21 Jan 2020 13:19:16 GMT - Info - Server is running on port: 3030
Tue, 21 Jan 2020 13:20:26 GMT - Info - Server is running on port: 3030
Tue, 21 Jan 2020 13:20:47 GMT - Info - Server is running on port: 3030
Tue, 21 Jan 2020 13:23:53 GMT - Info - Server is running on port: 3030
Tue, 21 Jan 2020 13:33:38 GMT - Info - Server is running on port: 3030
Tue, 21 Jan 2020 13:34:17 GMT - Info - Server is running on port: 3030
Tue, 21 Jan 2020 13:34:20 GMT - Info - Server is running on port: 3030
Tue, 21 Jan 2020 13:34:45 GMT - Info - Server is running on port: 3030
Tue, 21 Jan 2020 13:35:01 GMT - Info - Server is running on port: 3030
Tue, 21 Jan 2020 13:36:02 GMT - Info - Server is running on port: 3030
Tue, 21 Jan 2020 13:36:45 GMT - Info - Server is running on port: 3030
Tue, 21 Jan 2020 13:37:22 GMT - Info - Server is running on port: 3030
Tue, 21 Jan 2020 13:38:03 GMT - Info - Server is running on port: 3030
Tue, 21 Jan 2020 13:38:41 GMT - Info - Server is running on port: 3030
Tue, 21 Jan 2020 13:41:43 GMT - Info - Server is running on port: 3030
Tue, 21 Jan 2020 13:42:25 GMT - Info - Server is running on port: 3030
Tue, 21 Jan 2020 13:43:04 GMT - Info - Server is running on port: 3030
Tue, 21 Jan 2020 13:44:02 GMT - Info - Server is running on port: 3030
Tue, 21 Jan 2020 13:44:29 GMT - Info - Server is running on port: 3030
Tue, 21 Jan 2020 13:44:41 GMT - Info - Server is running on port: 3030
Tue, 21 Jan 2020 14:15:01 GMT - Info - Server is running on port: 3030
Tue, 21 Jan 2020 15:01:40 GMT - Info - Server is running on port: 3030
Tue, 21 Jan 2020 16:01:19 GMT - Info - Server is running on port: 3030
Tue, 21 Jan 2020 16:02:07 GMT - Info - Server is running on port: 3030
Tue, 21 Jan 2020 16:03:29 GMT - Info - Server is running on port: 3030
Tue, 21 Jan 2020 16:03:52 GMT - Info - Server is running on port: 3030
Tue, 21 Jan 2020 16:04:39 GMT - Info - Server is running on port: 3030
Tue, 21 Jan 2020 16:05:13 GMT - Info - Server is running on port: 3030
Tue, 21 Jan 2020 16:05:25 GMT - Info - Server is running on port: 3030
Tue, 21 Jan 2020 16:09:45 GMT - Info - Server is running on port: 3030
Tue, 21 Jan 2020 16:09:56 GMT - Info - Server is running on port: 3030
Tue, 21 Jan 2020 16:10:51 GMT - Info - Server is running on port: 3030
Tue, 21 Jan 2020 16:11:26 GMT - Info - Server is running on port: 3030
Tue, 21 Jan 2020 16:12:26 GMT - Info - Server is running on port: 3030
Tue, 21 Jan 2020 16:12:55 GMT - Info - Server is running on port: 3030
Tue, 21 Jan 2020 16:13:03 GMT - Info - Server is running on port: 3030
Tue, 21 Jan 2020 16:14:32 GMT - Info - Server is running on port: 3030
Tue, 21 Jan 2020 16:16:34 GMT - Info - Server is running on port: 3030



Sat, 01 Feb 2020 20:07:12 GMT - Debug - auth.service - login with email: roy@gmail.com
Sat, 01 Feb 2020 20:09:30 GMT - Debug - auth.service - login with email: roy@gmail.com
Sat, 01 Feb 2020 20:18:33 GMT - Debug - auth.service - login with email: roy@gmail.com
Sat, 01 Feb 2020 21:05:18 GMT - Debug - auth.service - login with email: roy@gmail.com
Sat, 01 Feb 2020 21:29:35 GMT - Debug - auth.service - login with email: keren@gmail.com
Sat, 01 Feb 2020 21:29:42 GMT - Debug - auth.service - login with email: keren@gmail.com
Sat, 01 Feb 2020 21:39:05 GMT - Debug - auth.service - login with email: roy@gmail.com
Sat, 01 Feb 2020 22:01:21 GMT - Debug - Josh@gmail.com, , 123,Josh Cohen,,
Sat, 01 Feb 2020 22:01:21 GMT - Debug - auth.service - signup with email: Josh@gmail.com, username: ,fullName: Josh Cohen,wishlist: 
Sat, 01 Feb 2020 22:01:22 GMT - Debug - auth.route - new account created: {"email":"Josh@gmail.com","password":"$2b$10$LvX9B.2TFksuYrA2Wy2rHeqnReEBUo7imDUizvmThGS07UZFeybxO","username":"","fullName":"Josh Cohen","wishlist":[],"imgUrl":"http://res.cloudinary.com/moriz/image/upload/v1580594468/przpuvwqx10lzl3go4rw.png","shopId":"","_id":"5e35f5326c0cd450fcf26057"}
Sat, 01 Feb 2020 22:01:22 GMT - Debug - auth.service - login with email: Josh@gmail.com
Sun, 02 Feb 2020 06:57:00 GMT - Debug - auth.service - login with email: roy@gmail.com
Sun, 02 Feb 2020 07:00:04 GMT - Debug - royammar030783@gmail.com, , 123,Roy Amar,,
Sun, 02 Feb 2020 07:00:04 GMT - Debug - auth.service - signup with email: royammar030783@gmail.com, username: ,fullName: Roy Amar,wishlist: 
Sun, 02 Feb 2020 07:00:05 GMT - Debug - auth.route - new account created: {"email":"royammar030783@gmail.com","password":"$2b$10$oiKAejYCbRa4/zwdtp6owu52hv38hzC2iI.iTBpOiYWVYO57Tr9.G","username":"","fullName":"Roy Amar","wishlist":[],"imgUrl":"http://res.cloudinary.com/moriz/image/upload/v1580626780/aomefldqdafrjd7cpb0a.png","shopId":"","_id":"5e3673746c0cd450fcf2605a"}
Sun, 02 Feb 2020 07:00:05 GMT - Debug - auth.service - login with email: royammar030783@gmail.com
Sun, 02 Feb 2020 08:44:41 GMT - Debug - auth.service - login with email: coral@gmail.com
Sun, 02 Feb 2020 08:51:32 GMT - Debug - auth.service - login with email: roy@gmail.com
Sun, 02 Feb 2020 08:58:44 GMT - Debug - auth.service - login with email: roy@gmail.com
Sun, 02 Feb 2020 08:59:19 GMT - Debug - auth.service - login with email: roy@gmail.com
Sun, 02 Feb 2020 09:10:53 GMT - Debug - auth.service - login with email: roy@gmail.com
Sun, 02 Feb 2020 09:11:01 GMT - Debug - auth.service - login with email: roy@gmail.com
Sun, 02 Feb 2020 09:48:14 GMT - Debug - auth.service - login with email: roy@gmail.com

Sat, 01 Feb 2020 20:35:11 GMT - Debug - auth.service - login with email: coralsolomon179@gmail.com
Sat, 01 Feb 2020 20:35:24 GMT - Debug - auth.service - login with email: coral@gmail.com
Sun, 02 Feb 2020 07:16:05 GMT - Debug - auth.service - login with email: coral@gmail.com
Sun, 02 Feb 2020 07:31:50 GMT - Debug - auth.service - login with email: coral@gmail.com
Sun, 02 Feb 2020 08:39:38 GMT - Debug - auth.service - login with email: coral179@gmail.com
Sun, 02 Feb 2020 08:39:54 GMT - Debug - auth.service - login with email: coral@gmail.com
Sun, 02 Feb 2020 08:48:14 GMT - Debug - auth.service - login with email: coral@gmail.com
Sun, 02 Feb 2020 08:49:10 GMT - Debug - auth.service - login with email: coral@gmail.com
Sun, 02 Feb 2020 08:51:53 GMT - Debug - auth.service - login with email: coral@gmail.com
Sun, 02 Feb 2020 08:53:26 GMT - Debug - auth.service - login with email: coral@gmail.com
Sun, 02 Feb 2020 08:56:22 GMT - Debug - auth.service - login with email: coral@gmail.com
Sun, 02 Feb 2020 09:03:31 GMT - Debug - auth.service - login with email: coral@gmail.com
Sun, 02 Feb 2020 09:13:52 GMT - Debug - auth.service - login with email: coral@gmail.com
Sun, 02 Feb 2020 09:14:42 GMT - Debug - auth.service - login with email: coral@gmail.com
Sun, 02 Feb 2020 09:17:26 GMT - Debug - auth.service - login with email: coral@gmail.com
Sun, 02 Feb 2020 09:23:25 GMT - Debug - auth.service - login with email: josh@gmail.com
Sun, 02 Feb 2020 09:23:43 GMT - Debug - auth.service - login with email: josh@gmail.com
Sun, 02 Feb 2020 09:23:58 GMT - Debug - auth.service - login with email: keren@gmail.com
Sun, 02 Feb 2020 09:47:01 GMT - Debug - auth.service - login with email: coral@gmail.com
Sun, 02 Feb 2020 09:54:10 GMT - Debug - auth.service - login with email: coralsolomon179@gmail.com

Sun, 26 Apr 2020 07:24:41 GMT - Debug - auth.service - login with email: roy@gmail.com
Sun, 26 Apr 2020 07:24:57 GMT - Debug - auth.service - login with email: Josh@gmail.com
Sun, 26 Apr 2020 16:29:37 GMT - Debug - user@gmail.com, , 123,user,,
Sun, 26 Apr 2020 16:29:37 GMT - Debug - auth.service - signup with email: user@gmail.com, username: ,fullName: user,wishlist: 
Sun, 26 Apr 2020 16:29:38 GMT - Debug - auth.route - new account created: {"email":"user@gmail.com","password":"$2b$10$YccLmghSOqObLyC2K6/cLexWtqLNxW05qx1CU/RK/qXLoW1iIEK3m","username":"","fullName":"user","wishlist":[],"imgUrl":"","shopId":"","_id":"5ea5b6f1bb95931205bc99b4"}
Sun, 26 Apr 2020 16:29:38 GMT - Debug - auth.service - login with email: user@gmail.com
Sun, 26 Apr 2020 16:29:39 GMT - Error - [SIGNUP] ReferenceError: response is not defined
Sun, 26 Apr 2020 16:31:19 GMT - Debug - user1@gmail.com, , 123,user1,,
Sun, 26 Apr 2020 16:31:19 GMT - Debug - auth.service - signup with email: user1@gmail.com, username: ,fullName: user1,wishlist: 
Sun, 26 Apr 2020 16:31:20 GMT - Debug - auth.route - new account created: {"email":"user1@gmail.com","password":"$2b$10$WHO5eYl6ILRAorYBnjtL5.qxuq4Nb9dABp57rzrsbtZvTL9KasuAq","username":"","fullName":"user1","wishlist":[],"imgUrl":"","shopId":"","_id":"5ea5b7584de65d1005645e45"}
Sun, 26 Apr 2020 16:31:20 GMT - Debug - auth.service - login with email: user1@gmail.com
Sun, 26 Apr 2020 16:31:20 GMT - Error - [SIGNUP] ReferenceError: response is not defined
Sun, 26 Apr 2020 16:32:02 GMT - Debug - user2@gmail.com, , 123,user2,,
Sun, 26 Apr 2020 16:32:02 GMT - Debug - auth.service - signup with email: user2@gmail.com, username: ,fullName: user2,wishlist: 
Sun, 26 Apr 2020 16:32:08 GMT - Debug - auth.route - new account created: {"email":"user2@gmail.com","password":"$2b$10$57hEPRAR4nVieaqK0DrmX.s2ACgeLQb0BhGG9BO/boWTKN7GJhPiy","username":"","fullName":"user2","wishlist":[],"imgUrl":"","shopId":"","_id":"5ea5b787090623a9409e2f8c"}
Sun, 26 Apr 2020 16:32:08 GMT - Debug - auth.service - login with email: user2@gmail.com
Sun, 26 Apr 2020 16:55:13 GMT - Debug - auth.service - login with email: user@gmail.com
Sun, 26 Apr 2020 17:47:42 GMT - Debug - auth.service - login with email: user@gmail.com
Sun, 26 Apr 2020 17:53:18 GMT - Debug - auth.service - login with email: user@gmail.com
Sun, 26 Apr 2020 19:14:16 GMT - Debug - user6@gmail.com, , 123,user6,,
Sun, 26 Apr 2020 19:14:16 GMT - Debug - auth.service - signup with email: user6@gmail.com, username: ,fullName: user6,wishlist: 
Sun, 26 Apr 2020 19:14:16 GMT - Debug - auth.route - new account created: {"email":"user6@gmail.com","password":"$2b$10$YkLACfbD7gNYo/qHS6SzKObLB0s1Blb997UBxktNw8BDM76Kk9Irq","username":"","fullName":"user6","wishlist":[],"imgUrl":"","shopId":"","_id":"5ea5dd885353d8e084e36426"}
Sun, 26 Apr 2020 19:14:16 GMT - Debug - auth.service - login with email: user6@gmail.com
Sun, 26 Apr 2020 20:10:23 GMT - Debug - userr@gmail.com, , 123,userr,,
Sun, 26 Apr 2020 20:10:23 GMT - Debug - auth.service - signup with email: userr@gmail.com, username: ,fullName: userr,wishlist: 
Sun, 26 Apr 2020 20:10:23 GMT - Debug - auth.route - new account created: {"email":"userr@gmail.com","password":"$2b$10$lEMjiUPErQtijfCPiM0Uq.mDoVVVilET5vegIujWTY7NRlq5YQOTa","username":"","fullName":"userr","wishlist":[],"imgUrl":"","shopId":"","_id":"5ea5eaaf5353d8e084e36427"}
Sun, 26 Apr 2020 20:10:23 GMT - Debug - auth.service - login with email: userr@gmail.com
Sun, 26 Apr 2020 20:10:36 GMT - Debug - auth.service - login with email: user@gmail.com
Sun, 26 Apr 2020 20:11:24 GMT - Debug - auth.service - login with email: user@gmail.com
Sun, 26 Apr 2020 20:12:28 GMT - Debug - auth.service - login with email: user@gmail.com
Sun, 26 Apr 2020 20:13:29 GMT - Debug - auth.service - login with email: user@gmail.com
Sun, 26 Apr 2020 20:14:08 GMT - Debug - auth.service - login with email: user@gmail.com
Sun, 26 Apr 2020 20:15:30 GMT - Debug - auth.service - login with email: user@gmail.com
Sun, 26 Apr 2020 20:15:57 GMT - Debug - auth.service - login with email: user@gmail.com
Sun, 26 Apr 2020 20:16:34 GMT - Debug - user9@gmail.com, , 123,user98,,
Sun, 26 Apr 2020 20:16:34 GMT - Debug - auth.service - signup with email: user9@gmail.com, username: ,fullName: user98,wishlist: 
Sun, 26 Apr 2020 20:16:35 GMT - Debug - auth.route - new account created: {"email":"user9@gmail.com","password":"$2b$10$xgR.EBjX74fGv7dbbkJwDusdGpxIjaE8gAdcfj7429OlyE0RPePe2","username":"","fullName":"user98","wishlist":[],"imgUrl":"","shopId":"","_id":"5ea5ec22cb529911d91e9c98"}
Sun, 26 Apr 2020 20:16:35 GMT - Debug - auth.service - login with email: user9@gmail.com
Sun, 26 Apr 2020 20:30:10 GMT - Debug - auth.service - login with email: user@gmail.com
Sun, 26 Apr 2020 20:30:41 GMT - Debug - user99@gmail.com, , 12234,user99,,
Sun, 26 Apr 2020 20:30:41 GMT - Debug - auth.service - signup with email: user99@gmail.com, username: ,fullName: user99,wishlist: 
Sun, 26 Apr 2020 20:30:41 GMT - Debug - auth.route - new account created: {"email":"user99@gmail.com","password":"$2b$10$uTgYK15bZvc6mlshTkMapOb/W5ExLdiKXXJ69y4aNHl5aWzL9/Wne","username":"","fullName":"user99","wishlist":[],"imgUrl":"","shopId":"","_id":"5ea5ef71b607730e89264fbe"}
Sun, 26 Apr 2020 20:30:41 GMT - Debug - auth.service - login with email: user99@gmail.com
Mon, 27 Apr 2020 04:37:32 GMT - Debug - auth.service - login with email: user@gmail.com
Mon, 27 Apr 2020 04:38:34 GMT - Debug - userit@gmail.com, , 123,Userit,,
Mon, 27 Apr 2020 04:38:34 GMT - Debug - auth.service - signup with email: userit@gmail.com, username: ,fullName: Userit,wishlist: 
Mon, 27 Apr 2020 04:38:35 GMT - Debug - auth.route - new account created: {"email":"userit@gmail.com","password":"$2b$10$EDLPoZCdOcqqy/Y3KJ9yvOowJjU2nSrgBrVV.UWPnZK4ePbchcoxu","username":"","fullName":"Userit","wishlist":[],"imgUrl":"","shopId":"","_id":"5ea661ca75912d11a109c951"}
Mon, 27 Apr 2020 04:38:35 GMT - Debug - auth.service - login with email: userit@gmail.com
Mon, 27 Apr 2020 04:47:53 GMT - Debug - auth.service - login with email: user@gmail.com
Mon, 27 Apr 2020 05:20:37 GMT - Debug - auth.service - login with email: user@gmail.com
Mon, 27 Apr 2020 05:21:43 GMT - Debug - auth.service - login with email: roy@gmail.com
Mon, 27 Apr 2020 06:11:15 GMT - Debug - auth.service - login with email: roy@gmail.com
Mon, 27 Apr 2020 06:40:32 GMT - Debug - auth.service - login with email: roy@gmail.com
